INFO [2016-10-11 17:14:27] [[1]]
INFO [2016-10-11 17:14:27] list(A = 1:10, B = 3:8, C = 6:9)
INFO [2016-10-11 17:14:27] 
INFO [2016-10-11 17:14:27] $fill
INFO [2016-10-11 17:14:27] c("red", "green", "blue")
INFO [2016-10-11 17:14:27] 
INFO [2016-10-11 17:14:27] $alpha
INFO [2016-10-11 17:14:27] c(0.5, 0.5, 0.5)
INFO [2016-10-11 17:14:27] 
INFO [2016-10-11 17:14:27] $cex
INFO [2016-10-11 17:14:27] [1] 2
INFO [2016-10-11 17:14:27] 
INFO [2016-10-11 17:14:27] $cat.fontface
INFO [2016-10-11 17:14:27] [1] 4
INFO [2016-10-11 17:14:27] 
INFO [2016-10-11 17:14:27] $fontfamily
INFO [2016-10-11 17:14:27] [1] 3
INFO [2016-10-11 17:14:27] 
INFO [2016-10-11 17:14:27] $filename
INFO [2016-10-11 17:14:27] [1] "VennDiagram.tiff"
INFO [2016-10-11 17:14:27] 
